<?xml version="1.0" encoding="utf-8"?><testsuites name="pytest tests"><testsuite name="pytest" errors="0" failures="0" skipped="0" tests="21" time="1.885" timestamp="2026-01-15T01:35:31.034935+00:00" hostname="agent-env-34a17c86-6ec2-4c37-a46e-04fd768a0eef"><testcase classname="tests.test_fictionverse_api.TestHealthCheck" name="test_api_root" time="0.055" /><testcase classname="tests.test_fictionverse_api.TestAuthEndpoints" name="test_signup_success" time="0.260" /><testcase classname="tests.test_fictionverse_api.TestAuthEndpoints" name="test_signup_duplicate_email" time="0.333" /><testcase classname="tests.test_fictionverse_api.TestAuthEndpoints" name="test_login_success" time="0.515" /><testcase classname="tests.test_fictionverse_api.TestAuthEndpoints" name="test_login_invalid_credentials" time="0.037" /><testcase classname="tests.test_fictionverse_api.TestUniversesEndpoints" name="test_get_universes" time="0.033" /><testcase classname="tests.test_fictionverse_api.TestUniversesEndpoints" name="test_get_universes_has_seeded_data" time="0.032" /><testcase classname="tests.test_fictionverse_api.TestUniversesEndpoints" name="test_get_universe_by_id" time="0.074" /><testcase classname="tests.test_fictionverse_api.TestUniversesEndpoints" name="test_get_universe_not_found" time="0.036" /><testcase classname="tests.test_fictionverse_api.TestStoriesEndpoints" name="test_get_stories_by_universe" time="0.033" /><testcase classname="tests.test_fictionverse_api.TestStoriesEndpoints" name="test_get_stories_sorted_by_chapter" time="0.036" /><testcase classname="tests.test_fictionverse_api.TestStoriesEndpoints" name="test_get_story_chapter" time="0.033" /><testcase classname="tests.test_fictionverse_api.TestStoriesEndpoints" name="test_get_story_chapter_not_found" time="0.034" /><testcase classname="tests.test_fictionverse_api.TestCharactersEndpoints" name="test_get_characters_by_universe" time="0.033" /><testcase classname="tests.test_fictionverse_api.TestCharactersEndpoints" name="test_characters_have_required_fields" time="0.032" /><testcase classname="tests.test_fictionverse_api.TestLoreEndpoints" name="test_get_lore_by_universe" time="0.030" /><testcase classname="tests.test_fictionverse_api.TestLoreEndpoints" name="test_lore_has_required_fields" time="0.072" /><testcase classname="tests.test_fictionverse_api.TestClubsEndpoints" name="test_get_clubs" time="0.034" /><testcase classname="tests.test_fictionverse_api.TestForumEndpoints" name="test_get_forum_posts" time="0.032" /><testcase classname="tests.test_fictionverse_api.TestChallengesEndpoints" name="test_get_challenges" time="0.030" /><testcase classname="tests.test_fictionverse_api.TestUniverseFilterEndpoints" name="test_filter_by_genre" time="0.031" /></testsuite></testsuites>